Using pre-set license
Built from '2022.3/china_unity/release' branch; Version is '2022.3.14f1c1 (25540d4d24fc) revision 2446349'; Using compiler version '192829333'; Build Type 'Release'
OS: 'Windows 11  (10.0.22631) 64bit Professional' Language: 'zh' Physical Memory: 32437 MB
BatchMode: 1, IsHumanControllingUs: 0, StartBugReporterOnCrash: 0, Is64bit: 1, IsPro: 1

COMMAND LINE ARGUMENTS:
C:\Program Files\Unity\Hub\Editor\2022.3.14f1c1\Editor\Unity.exe
-adb2
-batchMode
-noUpm
-name
AssetImportWorker1
-projectPath
C:/Unity_Proj/My project_Andorid_01
-logFile
Logs/AssetImportWorker1.log
-srvPort
51649
Successfully changed project path to: C:/Unity_Proj/My project_Andorid_01
C:/Unity_Proj/My project_Andorid_01
[UnityMemory] Configuration Parameters - Can be set up in boot.config
    "memorysetup-bucket-allocator-granularity=16"
    "memorysetup-bucket-allocator-bucket-count=8"
    "memorysetup-bucket-allocator-block-size=33554432"
    "memorysetup-bucket-allocator-block-count=8"
    "memorysetup-main-allocator-block-size=16777216"
    "memorysetup-thread-allocator-block-size=16777216"
    "memorysetup-gfx-main-allocator-block-size=16777216"
    "memorysetup-gfx-thread-allocator-block-size=16777216"
    "memorysetup-cache-allocator-block-size=4194304"
    "memorysetup-typetree-allocator-block-size=2097152"
    "memorysetup-profiler-bucket-allocator-granularity=16"
    "memorysetup-profiler-bucket-allocator-bucket-count=8"
    "memorysetup-profiler-bucket-allocator-block-size=33554432"
    "memorysetup-profiler-bucket-allocator-block-count=8"
    "memorysetup-profiler-allocator-block-size=16777216"
    "memorysetup-profiler-editor-allocator-block-size=1048576"
    "memorysetup-temp-allocator-size-main=16777216"
    "memorysetup-job-temp-allocator-block-size=2097152"
    "memorysetup-job-temp-allocator-block-size-background=1048576"
    "memorysetup-job-temp-allocator-reduction-small-platforms=262144"
    "memorysetup-allocator-temp-initial-block-size-main=262144"
    "memorysetup-allocator-temp-initial-block-size-worker=262144"
    "memorysetup-temp-allocator-size-background-worker=32768"
    "memorysetup-temp-allocator-size-job-worker=262144"
    "memorysetup-temp-allocator-size-preload-manager=33554432"
    "memorysetup-temp-allocator-size-nav-mesh-worker=65536"
    "memorysetup-temp-allocator-size-audio-worker=65536"
    "memorysetup-temp-allocator-size-cloud-worker=32768"
    "memorysetup-temp-allocator-size-gi-baking-worker=262144"
    "memorysetup-temp-allocator-size-gfx=262144"
Player connection [81768] Host "[IP] 10.75.54.42 [Port] 0 [Flags] 2 [Guid] 1505149149 [EditorId] 1505149149 [Version] 1048832 [Id] WindowsEditor(7,PAXTONLIU-PC2) [Debug] 1 [PackageName] WindowsEditor [ProjectName] Editor" joined multi-casting on [225.0.0.222:54997]...

Player connection [81768] Host "[IP] 10.75.54.42 [Port] 0 [Flags] 2 [Guid] 1505149149 [EditorId] 1505149149 [Version] 1048832 [Id] WindowsEditor(7,PAXTONLIU-PC2) [Debug] 1 [PackageName] WindowsEditor [ProjectName] Editor" joined alternative multi-casting on [225.0.0.222:34997]...

[Physics::Module] Initialized MultithreadedJobDispatcher with 23 workers.
Refreshing native plugins compatible for Editor in 58.08 ms, found 3 plugins.
Preloading 0 native plugins for Editor in 0.00 ms.
Initialize engine version: 2022.3.14f1c1 (25540d4d24fc)
[Subsystems] Discovering subsystems at path C:/Program Files/Unity/Hub/Editor/2022.3.14f1c1/Editor/Data/Resources/UnitySubsystems
[Subsystems] Discovering subsystems at path C:/Unity_Proj/My project_Andorid_01/Assets
GfxDevice: creating device client; threaded=0; jobified=0
Direct3D:
    Version:  Direct3D 11.0 [level 11.1]
    Renderer: NVIDIA GeForce RTX 4060 (ID=0x2882)
    Vendor:   NVIDIA
    VRAM:     7957 MB
    Driver:   31.0.15.5186
Initialize mono
Mono path[0] = 'C:/Program Files/Unity/Hub/Editor/2022.3.14f1c1/Editor/Data/Managed'
Mono path[1] = 'C:/Program Files/Unity/Hub/Editor/2022.3.14f1c1/Editor/Data/MonoBleedingEdge/lib/mono/unityjit-win32'
Mono config path = 'C:/Program Files/Unity/Hub/Editor/2022.3.14f1c1/Editor/Data/MonoBleedingEdge/etc'
Using monoOptions --debugger-agent=transport=dt_socket,embedding=1,server=y,suspend=n,address=127.0.0.1:56208
Begin MonoManager ReloadAssembly
Registering precompiled unity dll's ...
Register platform support module: C:/Program Files/Unity/Hub/Editor/2022.3.14f1c1/Editor/Data/PlaybackEngines/AndroidPlayer/UnityEditor.Android.Extensions.dll
Register platform support module: C:/Program Files/Unity/Hub/Editor/2022.3.14f1c1/Editor/Data/PlaybackEngines/WindowsStandaloneSupport/UnityEditor.WindowsStandalone.Extensions.dll
Registered in 0.018019 seconds.
- Loaded All Assemblies, in  0.645 seconds
Native extension for WindowsStandalone target not found
Native extension for Android target not found
Android Extension - Scanning For ADB Devices 1416 ms
Mono: successfully reloaded assembly
- Finished resetting the current domain, in  2.125 seconds
Domain Reload Profiling: 2761ms
	BeginReloadAssembly (227ms)
		ExecutionOrderSort (0ms)
		DisableScriptedObjects (0ms)
		BackupInstance (0ms)
		ReleaseScriptingObjects (0ms)
		CreateAndSetChildDomain (1ms)
	RebuildCommonClasses (46ms)
	RebuildNativeTypeToScriptingClass (15ms)
	initialDomainReloadingComplete (96ms)
	LoadAllAssembliesAndSetupDomain (250ms)
		LoadAssemblies (221ms)
		RebuildTransferFunctionScriptingTraits (0ms)
		AnalyzeDomain (245ms)
			TypeCache.Refresh (243ms)
				TypeCache.ScanAssembly (202ms)
			ScanForSourceGeneratedMonoScriptInfo (1ms)
			ResolveRequiredComponents (1ms)
	FinalizeReload (2126ms)
		ReleaseScriptCaches (0ms)
		RebuildScriptCaches (0ms)
		SetupLoadedEditorAssemblies (1737ms)
			LogAssemblyErrors (0ms)
			InitializePlatformSupportModulesInManaged (1569ms)
			SetLoadedEditorAssemblies (5ms)
			RefreshPlugins (0ms)
			BeforeProcessingInitializeOnLoad (2ms)
			ProcessInitializeOnLoadAttributes (111ms)
			ProcessInitializeOnLoadMethodAttributes (50ms)
			AfterProcessingInitializeOnLoad (0ms)
			EditorAssembliesLoaded (0ms)
		ExecutionOrderSort2 (0ms)
		AwakeInstancesAfterBackupRestoration (0ms)
========================================================================
Worker process is ready to serve import requests
Begin MonoManager ReloadAssembly
- Loaded All Assemblies, in  0.770 seconds
Refreshing native plugins compatible for Editor in 16.69 ms, found 3 plugins.
Native extension for WindowsStandalone target not found
Native extension for Android target not found
Package Manager log level set to [2]
[Package Manager] Server::EnsureServerProcessIsRunning -- launch failed, reason: Unity was launched with the -noUpm command-line argument
[Package Manager] UpmClient::Send -- Unable to send message (not connected to UPM process).
[Package Manager] Cannot connect to Unity Package Manager local server
[Package Manager] Server::EnsureServerProcessIsRunning -- launch failed, reason: Unity was launched with the -noUpm command-line argument
[Package Manager] UpmClient::Send -- Unable to send message (not connected to UPM process).
[Package Manager] Cannot connect to Unity Package Manager local server
Mono: successfully reloaded assembly
- Finished resetting the current domain, in  1.268 seconds
Domain Reload Profiling: 2022ms
	BeginReloadAssembly (136ms)
		ExecutionOrderSort (0ms)
		DisableScriptedObjects (4ms)
		BackupInstance (0ms)
		ReleaseScriptingObjects (0ms)
		CreateAndSetChildDomain (16ms)
	RebuildCommonClasses (28ms)
	RebuildNativeTypeToScriptingClass (9ms)
	initialDomainReloadingComplete (52ms)
	LoadAllAssembliesAndSetupDomain (527ms)
		LoadAssemblies (423ms)
		RebuildTransferFunctionScriptingTraits (0ms)
		AnalyzeDomain (187ms)
			TypeCache.Refresh (154ms)
				TypeCache.ScanAssembly (137ms)
			ScanForSourceGeneratedMonoScriptInfo (24ms)
			ResolveRequiredComponents (8ms)
	FinalizeReload (1268ms)
		ReleaseScriptCaches (0ms)
		RebuildScriptCaches (0ms)
		SetupLoadedEditorAssemblies (1088ms)
			LogAssemblyErrors (0ms)
			InitializePlatformSupportModulesInManaged (28ms)
			SetLoadedEditorAssemblies (4ms)
			RefreshPlugins (0ms)
			BeforeProcessingInitializeOnLoad (73ms)
			ProcessInitializeOnLoadAttributes (900ms)
			ProcessInitializeOnLoadMethodAttributes (68ms)
			AfterProcessingInitializeOnLoad (16ms)
			EditorAssembliesLoaded (0ms)
		ExecutionOrderSort2 (0ms)
		AwakeInstancesAfterBackupRestoration (13ms)
Launched and connected shader compiler UnityShaderCompiler.exe after 0.27 seconds
Refreshing native plugins compatible for Editor in 10.94 ms, found 3 plugins.
Preloading 0 native plugins for Editor in 0.00 ms.
Unloading 5797 Unused Serialized files (Serialized files now loaded: 0)
Unloading 83 unused Assets / (1.3 MB). Loaded Objects now: 6250.
Memory consumption went from 363.2 MB to 361.9 MB.
Total: 3.036000 ms (FindLiveObjects: 0.307200 ms CreateObjectMapping: 0.104200 ms MarkObjects: 2.042100 ms  DeleteObjects: 0.581500 ms)

AssetImportParameters requested are different than current active one (requested -> active):
  custom:container-demuxer-ogg: 62fdf1f143b41e24485cea50d1cbac27 -> 
  custom:video-codec-MediaFoundation-h265: 746d11721c4dcdbdad8f713fa42b33f4 -> 
  custom:video-decoder-ogg-theora: a1e56fd34408186e4bbccfd4996cb3dc -> 
  custom:framework-win-MediaFoundation: 216162199b28c13a410421893ffa2e32 -> 
  custom:CustomObjectIndexerAttribute: a3ef5dd2817f97addfee359851a9dba5 -> 
  custom:container-demuxer-webm: 4f35f7cbe854078d1ac9338744f61a02 -> 
  custom:container-muxer-webm: aa71ff27fc2769a1b78a27578f13a17b -> 
  custom:video-decoder-webm-vp8: 9c59270c3fd7afecdb556c50c9e8de78 -> 
  custom:SearchIndexIgnoredProperties: e643bd26f0fe6173181afceb89e7c659 -> 
  custom:AudioImporter_EditorPlatform: d09bf68614088b80899f8185d706f6e7 -> 
  custom:video-encoder-webm-vp8: eb34c28f22e8b96e1ab97ce403110664 -> 
  custom:audio-decoder-ogg-vorbis: bf7c407c2cedff20999df2af8eb42d56 -> 
  custom:audio-encoder-webm-vorbis: bf7c407c2cedff20999df2af8eb42d56 -> 
========================================================================
Received Import Request.
  Time since last request: 62703.473622 seconds.
  path: Assets/Me/Proj_0301_Crystal/Tex/gray-polygonal_normal.jpg
  artifactKey: Guid(1ef76ee98215231438f78597396bb624) Importer(815301076,1909f56bfc062723c751e8b465ee728b)
Start importing Assets/Me/Proj_0301_Crystal/Tex/gray-polygonal_normal.jpg using Guid(1ef76ee98215231438f78597396bb624) Importer(815301076,1909f56bfc062723c751e8b465ee728b)  -> (artifact id: 'd7c38fcc61f7e839915626b816526b3c') in 0.096575 seconds
Number of updated asset objects reloaded before import = 0
Number of asset objects unloaded after import = 2
========================================================================
Received Import Request.
  Time since last request: 2985.674577 seconds.
  path: Assets/Me/a/aTex/FX_Noise_00058_13.png
  artifactKey: Guid(1d185b78fef8f7d4aa0314cba274e900) Importer(815301076,1909f56bfc062723c751e8b465ee728b)
Start importing Assets/Me/a/aTex/FX_Noise_00058_13.png using Guid(1d185b78fef8f7d4aa0314cba274e900) Importer(815301076,1909f56bfc062723c751e8b465ee728b)  -> (artifact id: 'b85173e85d0be2b4080fea87375eedb9') in 0.228475 seconds
Number of updated asset objects reloaded before import = 1
Number of asset objects unloaded after import = 2
========================================================================
Received Import Request.
  Time since last request: 0.000082 seconds.
  path: Assets/Me/a/aTex/matcap01.jpg
  artifactKey: Guid(95f3d8ab62044fa40a187381f99a3bf2) Importer(815301076,1909f56bfc062723c751e8b465ee728b)
Start importing Assets/Me/a/aTex/matcap01.jpg using Guid(95f3d8ab62044fa40a187381f99a3bf2) Importer(815301076,1909f56bfc062723c751e8b465ee728b)  -> (artifact id: '5b4932264db19c121da0a98073ac2cae') in 0.024900 seconds
Number of updated asset objects reloaded before import = 0
Number of asset objects unloaded after import = 2
========================================================================
Received Import Request.
  Time since last request: 0.000118 seconds.
  path: Assets/Me/a/aTex/GreenMatcapSkin.png
  artifactKey: Guid(9a21b2a236932f04b87c14ec802b9dea) Importer(815301076,1909f56bfc062723c751e8b465ee728b)
Start importing Assets/Me/a/aTex/GreenMatcapSkin.png using Guid(9a21b2a236932f04b87c14ec802b9dea) Importer(815301076,1909f56bfc062723c751e8b465ee728b)  -> (artifact id: '6def28b2802694d722c6dc79ec53578d') in 0.013614 seconds
Number of updated asset objects reloaded before import = 0
Number of asset objects unloaded after import = 2
========================================================================
Received Import Request.
  Time since last request: 0.009886 seconds.
  path: Assets/Me/a/aTex/matcap01.png
  artifactKey: Guid(1bba17ec954b30348be654999154a76d) Importer(815301076,1909f56bfc062723c751e8b465ee728b)
Start importing Assets/Me/a/aTex/matcap01.png using Guid(1bba17ec954b30348be654999154a76d) Importer(815301076,1909f56bfc062723c751e8b465ee728b)  -> (artifact id: '3af24dd82357cdbf3f3a102ab6b09e01') in 0.015821 seconds
Number of updated asset objects reloaded before import = 0
Number of asset objects unloaded after import = 2
========================================================================
Received Import Request.
  Time since last request: 0.016574 seconds.
  path: Assets/Me/a/aTex/P_Crystal_01_02.png
  artifactKey: Guid(45cd692d4ec054f49b51c3e9fba13dc2) Importer(815301076,1909f56bfc062723c751e8b465ee728b)
Start importing Assets/Me/a/aTex/P_Crystal_01_02.png using Guid(45cd692d4ec054f49b51c3e9fba13dc2) Importer(815301076,1909f56bfc062723c751e8b465ee728b)  -> (artifact id: 'abd90be099255cb31c750b30b4d497fc') in 0.017480 seconds
Number of updated asset objects reloaded before import = 0
Number of asset objects unloaded after import = 2
========================================================================
Received Import Request.
  Time since last request: 0.000023 seconds.
  path: Assets/Me/a/aTex/matcap02.png
  artifactKey: Guid(ee65afc0c3141e1409cb1845ea896728) Importer(815301076,1909f56bfc062723c751e8b465ee728b)
Start importing Assets/Me/a/aTex/matcap02.png using Guid(ee65afc0c3141e1409cb1845ea896728) Importer(815301076,1909f56bfc062723c751e8b465ee728b)  -> (artifact id: '9b5827605f71b3c1f3c67152c9132747') in 0.045167 seconds
Number of updated asset objects reloaded before import = 0
Number of asset objects unloaded after import = 2
========================================================================
Received Import Request.
  Time since last request: 0.000051 seconds.
  path: Assets/Me/a/aTex/P_Crystal_02.jpg
  artifactKey: Guid(d1244936534058d40b76607b048fc97b) Importer(815301076,1909f56bfc062723c751e8b465ee728b)
Start importing Assets/Me/a/aTex/P_Crystal_02.jpg using Guid(d1244936534058d40b76607b048fc97b) Importer(815301076,1909f56bfc062723c751e8b465ee728b)  -> (artifact id: '775a00e1c8d8166c7f06f969d4f25877') in 0.081081 seconds
Number of updated asset objects reloaded before import = 0
Number of asset objects unloaded after import = 2
========================================================================
Received Import Request.
  Time since last request: 0.000052 seconds.
  path: Assets/Me/a/aTex/matcap02.jpg
  artifactKey: Guid(5330c82879b1bbe43ba7962d7591ed3d) Importer(815301076,1909f56bfc062723c751e8b465ee728b)
Start importing Assets/Me/a/aTex/matcap02.jpg using Guid(5330c82879b1bbe43ba7962d7591ed3d) Importer(815301076,1909f56bfc062723c751e8b465ee728b)  -> (artifact id: '15d748768321fbf4faf26634ea4fb934') in 0.020465 seconds
Number of updated asset objects reloaded before import = 0
Number of asset objects unloaded after import = 2
Editor requested this worker to shutdown with reason: Scaling down because of idle timeout
TcpMessagingSession - receive error: operation aborted. errorcode: 995, details: 由于线程退出或应用程序请求，已中止 I/O 操作。
AssetImportWorker is now disconnected from the server
Process exiting
Exiting without the bug reporter. Application will terminate with return code 0