Using pre-set license
Built from '2022.3/china_unity/release' branch; Version is '2022.3.14f1c1 (25540d4d24fc) revision 2446349'; Using compiler version '192829333'; Build Type 'Release'
OS: 'Windows 11  (10.0.22631) 64bit Professional' Language: 'zh' Physical Memory: 32437 MB
BatchMode: 1, IsHumanControllingUs: 0, StartBugReporterOnCrash: 0, Is64bit: 1, IsPro: 1

COMMAND LINE ARGUMENTS:
C:\Program Files\Unity\Hub\Editor\2022.3.14f1c1\Editor\Unity.exe
-adb2
-batchMode
-noUpm
-name
AssetImportWorker0
-projectPath
C:/Unity_Proj/My project_Andorid_01
-logFile
Logs/AssetImportWorker0.log
-srvPort
51649
Successfully changed project path to: C:/Unity_Proj/My project_Andorid_01
C:/Unity_Proj/My project_Andorid_01
[UnityMemory] Configuration Parameters - Can be set up in boot.config
    "memorysetup-bucket-allocator-granularity=16"
    "memorysetup-bucket-allocator-bucket-count=8"
    "memorysetup-bucket-allocator-block-size=33554432"
    "memorysetup-bucket-allocator-block-count=8"
    "memorysetup-main-allocator-block-size=16777216"
    "memorysetup-thread-allocator-block-size=16777216"
    "memorysetup-gfx-main-allocator-block-size=16777216"
    "memorysetup-gfx-thread-allocator-block-size=16777216"
    "memorysetup-cache-allocator-block-size=4194304"
    "memorysetup-typetree-allocator-block-size=2097152"
    "memorysetup-profiler-bucket-allocator-granularity=16"
    "memorysetup-profiler-bucket-allocator-bucket-count=8"
    "memorysetup-profiler-bucket-allocator-block-size=33554432"
    "memorysetup-profiler-bucket-allocator-block-count=8"
    "memorysetup-profiler-allocator-block-size=16777216"
    "memorysetup-profiler-editor-allocator-block-size=1048576"
    "memorysetup-temp-allocator-size-main=16777216"
    "memorysetup-job-temp-allocator-block-size=2097152"
    "memorysetup-job-temp-allocator-block-size-background=1048576"
    "memorysetup-job-temp-allocator-reduction-small-platforms=262144"
    "memorysetup-allocator-temp-initial-block-size-main=262144"
    "memorysetup-allocator-temp-initial-block-size-worker=262144"
    "memorysetup-temp-allocator-size-background-worker=32768"
    "memorysetup-temp-allocator-size-job-worker=262144"
    "memorysetup-temp-allocator-size-preload-manager=33554432"
    "memorysetup-temp-allocator-size-nav-mesh-worker=65536"
    "memorysetup-temp-allocator-size-audio-worker=65536"
    "memorysetup-temp-allocator-size-cloud-worker=32768"
    "memorysetup-temp-allocator-size-gi-baking-worker=262144"
    "memorysetup-temp-allocator-size-gfx=262144"
Player connection [77548] Host "[IP] 10.75.54.42 [Port] 0 [Flags] 2 [Guid] 2416523789 [EditorId] 2416523789 [Version] 1048832 [Id] WindowsEditor(7,PAXTONLIU-PC2) [Debug] 1 [PackageName] WindowsEditor [ProjectName] Editor" joined multi-casting on [225.0.0.222:54997]...

Player connection [77548] Host "[IP] 10.75.54.42 [Port] 0 [Flags] 2 [Guid] 2416523789 [EditorId] 2416523789 [Version] 1048832 [Id] WindowsEditor(7,PAXTONLIU-PC2) [Debug] 1 [PackageName] WindowsEditor [ProjectName] Editor" joined alternative multi-casting on [225.0.0.222:34997]...

[Physics::Module] Initialized MultithreadedJobDispatcher with 23 workers.
Refreshing native plugins compatible for Editor in 57.35 ms, found 3 plugins.
Preloading 0 native plugins for Editor in 0.00 ms.
Initialize engine version: 2022.3.14f1c1 (25540d4d24fc)
[Subsystems] Discovering subsystems at path C:/Program Files/Unity/Hub/Editor/2022.3.14f1c1/Editor/Data/Resources/UnitySubsystems
[Subsystems] Discovering subsystems at path C:/Unity_Proj/My project_Andorid_01/Assets
GfxDevice: creating device client; threaded=0; jobified=0
Direct3D:
    Version:  Direct3D 11.0 [level 11.1]
    Renderer: NVIDIA GeForce RTX 4060 (ID=0x2882)
    Vendor:   NVIDIA
    VRAM:     7957 MB
    Driver:   31.0.15.5186
Initialize mono
Mono path[0] = 'C:/Program Files/Unity/Hub/Editor/2022.3.14f1c1/Editor/Data/Managed'
Mono path[1] = 'C:/Program Files/Unity/Hub/Editor/2022.3.14f1c1/Editor/Data/MonoBleedingEdge/lib/mono/unityjit-win32'
Mono config path = 'C:/Program Files/Unity/Hub/Editor/2022.3.14f1c1/Editor/Data/MonoBleedingEdge/etc'
Using monoOptions --debugger-agent=transport=dt_socket,embedding=1,server=y,suspend=n,address=127.0.0.1:56072
Begin MonoManager ReloadAssembly
Registering precompiled unity dll's ...
Register platform support module: C:/Program Files/Unity/Hub/Editor/2022.3.14f1c1/Editor/Data/PlaybackEngines/AndroidPlayer/UnityEditor.Android.Extensions.dll
Register platform support module: C:/Program Files/Unity/Hub/Editor/2022.3.14f1c1/Editor/Data/PlaybackEngines/WindowsStandaloneSupport/UnityEditor.WindowsStandalone.Extensions.dll
Registered in 0.020488 seconds.
- Loaded All Assemblies, in  0.732 seconds
Native extension for WindowsStandalone target not found
Native extension for Android target not found
Android Extension - Scanning For ADB Devices 1408 ms
Mono: successfully reloaded assembly
- Finished resetting the current domain, in  2.033 seconds
Domain Reload Profiling: 2754ms
	BeginReloadAssembly (229ms)
		ExecutionOrderSort (0ms)
		DisableScriptedObjects (0ms)
		BackupInstance (0ms)
		ReleaseScriptingObjects (0ms)
		CreateAndSetChildDomain (1ms)
	RebuildCommonClasses (43ms)
	RebuildNativeTypeToScriptingClass (11ms)
	initialDomainReloadingComplete (103ms)
	LoadAllAssembliesAndSetupDomain (333ms)
		LoadAssemblies (219ms)
		RebuildTransferFunctionScriptingTraits (0ms)
		AnalyzeDomain (331ms)
			TypeCache.Refresh (323ms)
				TypeCache.ScanAssembly (271ms)
			ScanForSourceGeneratedMonoScriptInfo (2ms)
			ResolveRequiredComponents (3ms)
	FinalizeReload (2034ms)
		ReleaseScriptCaches (0ms)
		RebuildScriptCaches (0ms)
		SetupLoadedEditorAssemblies (1713ms)
			LogAssemblyErrors (0ms)
			InitializePlatformSupportModulesInManaged (1550ms)
			SetLoadedEditorAssemblies (4ms)
			RefreshPlugins (0ms)
			BeforeProcessingInitializeOnLoad (2ms)
			ProcessInitializeOnLoadAttributes (105ms)
			ProcessInitializeOnLoadMethodAttributes (52ms)
			AfterProcessingInitializeOnLoad (0ms)
			EditorAssembliesLoaded (0ms)
		ExecutionOrderSort2 (0ms)
		AwakeInstancesAfterBackupRestoration (0ms)
========================================================================
Worker process is ready to serve import requests
Begin MonoManager ReloadAssembly
- Loaded All Assemblies, in  0.772 seconds
Refreshing native plugins compatible for Editor in 19.33 ms, found 3 plugins.
Native extension for WindowsStandalone target not found
Native extension for Android target not found
Package Manager log level set to [2]
[Package Manager] Server::EnsureServerProcessIsRunning -- launch failed, reason: Unity was launched with the -noUpm command-line argument
[Package Manager] UpmClient::Send -- Unable to send message (not connected to UPM process).
[Package Manager] Cannot connect to Unity Package Manager local server
[Package Manager] Server::EnsureServerProcessIsRunning -- launch failed, reason: Unity was launched with the -noUpm command-line argument
[Package Manager] UpmClient::Send -- Unable to send message (not connected to UPM process).
[Package Manager] Cannot connect to Unity Package Manager local server
Mono: successfully reloaded assembly
- Finished resetting the current domain, in  1.267 seconds
Domain Reload Profiling: 2026ms
	BeginReloadAssembly (147ms)
		ExecutionOrderSort (0ms)
		DisableScriptedObjects (4ms)
		BackupInstance (0ms)
		ReleaseScriptingObjects (0ms)
		CreateAndSetChildDomain (16ms)
	RebuildCommonClasses (28ms)
	RebuildNativeTypeToScriptingClass (9ms)
	initialDomainReloadingComplete (52ms)
	LoadAllAssembliesAndSetupDomain (522ms)
		LoadAssemblies (415ms)
		RebuildTransferFunctionScriptingTraits (0ms)
		AnalyzeDomain (190ms)
			TypeCache.Refresh (156ms)
				TypeCache.ScanAssembly (140ms)
			ScanForSourceGeneratedMonoScriptInfo (24ms)
			ResolveRequiredComponents (8ms)
	FinalizeReload (1268ms)
		ReleaseScriptCaches (0ms)
		RebuildScriptCaches (0ms)
		SetupLoadedEditorAssemblies (1088ms)
			LogAssemblyErrors (0ms)
			InitializePlatformSupportModulesInManaged (30ms)
			SetLoadedEditorAssemblies (4ms)
			RefreshPlugins (0ms)
			BeforeProcessingInitializeOnLoad (81ms)
			ProcessInitializeOnLoadAttributes (888ms)
			ProcessInitializeOnLoadMethodAttributes (68ms)
			AfterProcessingInitializeOnLoad (17ms)
			EditorAssembliesLoaded (0ms)
		ExecutionOrderSort2 (0ms)
		AwakeInstancesAfterBackupRestoration (13ms)
Launched and connected shader compiler UnityShaderCompiler.exe after 0.25 seconds
Refreshing native plugins compatible for Editor in 11.32 ms, found 3 plugins.
Preloading 0 native plugins for Editor in 0.00 ms.
Unloading 5797 Unused Serialized files (Serialized files now loaded: 0)
Unloading 83 unused Assets / (1.3 MB). Loaded Objects now: 6250.
Memory consumption went from 363.2 MB to 361.9 MB.
Total: 3.097000 ms (FindLiveObjects: 0.309700 ms CreateObjectMapping: 0.109500 ms MarkObjects: 2.030800 ms  DeleteObjects: 0.646300 ms)

AssetImportParameters requested are different than current active one (requested -> active):
  custom:container-demuxer-ogg: 62fdf1f143b41e24485cea50d1cbac27 -> 
  custom:video-codec-MediaFoundation-h265: 746d11721c4dcdbdad8f713fa42b33f4 -> 
  custom:video-decoder-ogg-theora: a1e56fd34408186e4bbccfd4996cb3dc -> 
  custom:framework-win-MediaFoundation: 216162199b28c13a410421893ffa2e32 -> 
  custom:CustomObjectIndexerAttribute: a3ef5dd2817f97addfee359851a9dba5 -> 
  custom:container-demuxer-webm: 4f35f7cbe854078d1ac9338744f61a02 -> 
  custom:container-muxer-webm: aa71ff27fc2769a1b78a27578f13a17b -> 
  custom:video-decoder-webm-vp8: 9c59270c3fd7afecdb556c50c9e8de78 -> 
  custom:SearchIndexIgnoredProperties: e643bd26f0fe6173181afceb89e7c659 -> 
  custom:AudioImporter_EditorPlatform: d09bf68614088b80899f8185d706f6e7 -> 
  custom:video-encoder-webm-vp8: eb34c28f22e8b96e1ab97ce403110664 -> 
  custom:audio-decoder-ogg-vorbis: bf7c407c2cedff20999df2af8eb42d56 -> 
  custom:audio-encoder-webm-vorbis: bf7c407c2cedff20999df2af8eb42d56 -> 
========================================================================
Received Import Request.
  Time since last request: 62703.476051 seconds.
  path: Assets/Me/a/aTex/FX_Noise_12013_5_03.png
  artifactKey: Guid(79235e759ff0197479ee6073419f374c) Importer(815301076,1909f56bfc062723c751e8b465ee728b)
Start importing Assets/Me/a/aTex/FX_Noise_12013_5_03.png using Guid(79235e759ff0197479ee6073419f374c) Importer(815301076,1909f56bfc062723c751e8b465ee728b)  -> (artifact id: '884b258780184b8ad93c3883d7f298dc') in 0.074052 seconds
Number of updated asset objects reloaded before import = 0
Number of asset objects unloaded after import = 2
========================================================================
Received Import Request.
  Time since last request: 2984.012224 seconds.
  path: Assets/Me/a/aTex
  artifactKey: Guid(f153a198b37e1cc47bf8d78e06d3f004) Importer(815301076,1909f56bfc062723c751e8b465ee728b)
Start importing Assets/Me/a/aTex using Guid(f153a198b37e1cc47bf8d78e06d3f004) Importer(815301076,1909f56bfc062723c751e8b465ee728b)  -> (artifact id: 'eef0c098beb79e5dea24d498893f651b') in 0.024458 seconds
Number of updated asset objects reloaded before import = 1
Number of asset objects unloaded after import = 0
========================================================================
Received Import Request.
  Time since last request: 1.566854 seconds.
  path: Assets/Me/a/aTex/FX_Noise_00038_3.png
  artifactKey: Guid(5c618db774ee85943b2f745e4af0ed67) Importer(815301076,1909f56bfc062723c751e8b465ee728b)
Start importing Assets/Me/a/aTex/FX_Noise_00038_3.png using Guid(5c618db774ee85943b2f745e4af0ed67) Importer(815301076,1909f56bfc062723c751e8b465ee728b)  -> (artifact id: 'bcc677b704c24b18fab0f7c9cd6e69f7') in 0.244347 seconds
Number of updated asset objects reloaded before import = 0
Number of asset objects unloaded after import = 2
========================================================================
Received Import Request.
  Time since last request: 0.168840 seconds.
  path: Assets/Me/a/aTex/FX_Noise_12013_1.png
  artifactKey: Guid(c1ae97e3dfd4df542a57d7d6bb43ca4b) Importer(815301076,1909f56bfc062723c751e8b465ee728b)
Start importing Assets/Me/a/aTex/FX_Noise_12013_1.png using Guid(c1ae97e3dfd4df542a57d7d6bb43ca4b) Importer(815301076,1909f56bfc062723c751e8b465ee728b)  -> (artifact id: 'b3abe8fd41e1fff6b13873face878a38') in 0.016905 seconds
Number of updated asset objects reloaded before import = 0
Number of asset objects unloaded after import = 2
========================================================================
Received Import Request.
  Time since last request: 0.000014 seconds.
  path: Assets/Me/a/aTex/FX_Noise_12013_5.png
  artifactKey: Guid(5dc8897248fe44d47a7bd406751868f1) Importer(815301076,1909f56bfc062723c751e8b465ee728b)
Start importing Assets/Me/a/aTex/FX_Noise_12013_5.png using Guid(5dc8897248fe44d47a7bd406751868f1) Importer(815301076,1909f56bfc062723c751e8b465ee728b)  -> (artifact id: 'a5448f8a85c7963cd22b35605194a727') in 0.017932 seconds
Number of updated asset objects reloaded before import = 0
Number of asset objects unloaded after import = 2
========================================================================
Received Import Request.
  Time since last request: 0.000500 seconds.
  path: Assets/Me/a/aTex/FX_Noise_12013_5_02.png
  artifactKey: Guid(18f40504c515559479630bb497998879) Importer(815301076,1909f56bfc062723c751e8b465ee728b)
Start importing Assets/Me/a/aTex/FX_Noise_12013_5_02.png using Guid(18f40504c515559479630bb497998879) Importer(815301076,1909f56bfc062723c751e8b465ee728b)  -> (artifact id: 'c5e017907e65382031b092c27f020296') in 0.014560 seconds
Number of updated asset objects reloaded before import = 0
Number of asset objects unloaded after import = 2
========================================================================
Received Import Request.
  Time since last request: 0.000019 seconds.
  path: Assets/Me/a/aTex/FX_Noise_12014_10.png
  artifactKey: Guid(1f3a23b5d54ac2b4587f73f49e75b7bd) Importer(815301076,1909f56bfc062723c751e8b465ee728b)
Start importing Assets/Me/a/aTex/FX_Noise_12014_10.png using Guid(1f3a23b5d54ac2b4587f73f49e75b7bd) Importer(815301076,1909f56bfc062723c751e8b465ee728b)  -> (artifact id: '85b9160cb95062c093428dd4a93f30fc') in 0.015961 seconds
Number of updated asset objects reloaded before import = 0
Number of asset objects unloaded after import = 2
========================================================================
Received Import Request.
  Time since last request: 0.017773 seconds.
  path: Assets/Me/a/aTex/matcap05.jpg
  artifactKey: Guid(7c7b30cbd513a0e4eaa49e858b864cdb) Importer(815301076,1909f56bfc062723c751e8b465ee728b)
Start importing Assets/Me/a/aTex/matcap05.jpg using Guid(7c7b30cbd513a0e4eaa49e858b864cdb) Importer(815301076,1909f56bfc062723c751e8b465ee728b)  -> (artifact id: '5e48802b91cd8d4a3fd85e8061fb6bb4') in 0.016229 seconds
Number of updated asset objects reloaded before import = 0
Number of asset objects unloaded after import = 2
========================================================================
Received Import Request.
  Time since last request: 0.007474 seconds.
  path: Assets/Me/a/aTex/P_Crystal_01.png
  artifactKey: Guid(2cb61dba2311d4e4d85fa2c19d5fd31f) Importer(815301076,1909f56bfc062723c751e8b465ee728b)
Start importing Assets/Me/a/aTex/P_Crystal_01.png using Guid(2cb61dba2311d4e4d85fa2c19d5fd31f) Importer(815301076,1909f56bfc062723c751e8b465ee728b)  -> (artifact id: '4d44f9d294518e3b8cca4d8c52972617') in 0.019637 seconds
Number of updated asset objects reloaded before import = 0
Number of asset objects unloaded after import = 2
========================================================================
Received Import Request.
  Time since last request: 0.000026 seconds.
  path: Assets/Me/a/aTex/FX_Noise_12013_6.png
  artifactKey: Guid(9278d3a0eece99a4c89c06618a4f0d68) Importer(815301076,1909f56bfc062723c751e8b465ee728b)
Start importing Assets/Me/a/aTex/FX_Noise_12013_6.png using Guid(9278d3a0eece99a4c89c06618a4f0d68) Importer(815301076,1909f56bfc062723c751e8b465ee728b)  -> (artifact id: '367c998d447cc690b5e4c667721fef0c') in 0.022030 seconds
Number of updated asset objects reloaded before import = 0
Number of asset objects unloaded after import = 2
========================================================================
Received Import Request.
  Time since last request: 0.000031 seconds.
  path: Assets/Me/a/aTex/P_Crystal_01_01.png
  artifactKey: Guid(7469f9b8a17e64c42a016ffb62e0abc8) Importer(815301076,1909f56bfc062723c751e8b465ee728b)
Start importing Assets/Me/a/aTex/P_Crystal_01_01.png using Guid(7469f9b8a17e64c42a016ffb62e0abc8) Importer(815301076,1909f56bfc062723c751e8b465ee728b)  -> (artifact id: 'f9cc30afa07be12e5d811a7b2596cc39') in 0.056409 seconds
Number of updated asset objects reloaded before import = 0
Number of asset objects unloaded after import = 2
========================================================================
Received Import Request.
  Time since last request: 0.000085 seconds.
  path: Assets/Me/a/aTex/matcap04.png
  artifactKey: Guid(ef001cc2b6c9fb949a58f6985d4b1016) Importer(815301076,1909f56bfc062723c751e8b465ee728b)
Start importing Assets/Me/a/aTex/matcap04.png using Guid(ef001cc2b6c9fb949a58f6985d4b1016) Importer(815301076,1909f56bfc062723c751e8b465ee728b)  -> (artifact id: 'd216953c4046fe552831dbdb85844cbb') in 0.025326 seconds
Number of updated asset objects reloaded before import = 0
Number of asset objects unloaded after import = 2
========================================================================
Received Import Request.
  Time since last request: 0.000024 seconds.
  path: Assets/Me/a/aTex/matcap03.png
  artifactKey: Guid(acd36e173046c71458cc25a67d46841a) Importer(815301076,1909f56bfc062723c751e8b465ee728b)
Start importing Assets/Me/a/aTex/matcap03.png using Guid(acd36e173046c71458cc25a67d46841a) Importer(815301076,1909f56bfc062723c751e8b465ee728b)  -> (artifact id: 'f4448386b03c9dcd429b783b1c1f8a89') in 0.020130 seconds
Number of updated asset objects reloaded before import = 0
Number of asset objects unloaded after import = 2
Editor requested this worker to shutdown with reason: Scaling down because of idle timeout
TcpMessagingSession - receive error: operation aborted. errorcode: 995, details: 由于线程退出或应用程序请求，已中止 I/O 操作。
AssetImportWorker is now disconnected from the server
Process exiting
Exiting without the bug reporter. Application will terminate with return code 0